<?xml version="1.0" encoding="UTF-8"?>
<!-- Generated by org.testng.reporters.JUnitReportReporter -->
<testsuite hostname="LAPTOP-U3K6N8I2" failures="0" tests="1" name="local.harekrishna.BasicBrowserLaunchWithGoogle" time="29.856" errors="0" timestamp="2021-06-06T14:13:26 IST" skipped="0">
  <testcase classname="local.harekrishna.BasicBrowserLaunchWithGoogle" name="f" time="29.856"/>
  <system-out/>
</testsuite> <!-- local.harekrishna.BasicBrowserLaunchWithGoogle -->
